[    62.261] (--) Log file renamed from "/home/nageshkumar/.local/share/xorg/Xorg.pid-1221.log" to "/home/nageshkumar/.local/share/xorg/Xorg.0.log"
[    62.261] 
X.Org X Server 1.20.11
X Protocol Version 11, Revision 0
[    62.262] Build Operating System: linux Ubuntu
[    62.262] Current Operating System: Linux nageshkumar-VirtualBox 5.11.0-40-generic #44~20.04.2-Ubuntu SMP Tue Oct 26 18:07:44 UTC 2021 x86_64
[    62.262] Kernel command line: BOOT_IMAGE=/boot/vmlinuz-5.11.0-40-generic root=UUID=db940323-7ec4-474f-81e8-ccc50c21fae7 ro quiet splash
[    62.262] Build Date: 06 July 2021  10:17:51AM
[    62.262] xorg-server 2:1.20.11-1ubuntu1~20.04.2 (For technical support please see http://www.ubuntu.com/support) 
[    62.262] Current version of pixman: 0.38.4
[    62.262] 	Before reporting problems, check http://wiki.x.org
	to make sure that you have the latest version.
[    62.262] Markers: (--) probed, (**) from config file, (==) default setting,
	(++) from command line, (!!) notice, (II) informational,
	(WW) warning, (EE) error, (NI) not implemented, (??) unknown.
[    62.262] (==) Log file: "/home/nageshkumar/.local/share/xorg/Xorg.0.log", Time: Mon Nov 29 15:07:28 2021
[    62.263] (==) Using system config directory "/usr/share/X11/xorg.conf.d"
[    62.268] (==) No Layout section.  Using the first Screen section.
[    62.268] (==) No screen section available. Using defaults.
[    62.268] (**) |-->Screen "Default Screen Section" (0)
[    62.268] (**) |   |-->Monitor "<default monitor>"
[    62.269] (==) No monitor specified for screen "Default Screen Section".
	Using a default monitor configuration.
[    62.269] (==) Automatically adding devices
[    62.269] (==) Automatically enabling devices
[    62.269] (==) Automatically adding GPU devices
[    62.269] (==) Automatically binding GPU devices
[    62.269] (==) Max clients allowed: 256, resource mask: 0x1fffff
[    62.269] (WW) The directory "/usr/share/fonts/X11/cyrillic" does not exist.
[    62.269] 	Entry deleted from font path.
[    62.270] (WW) The directory "/usr/share/fonts/X11/100dpi/" does not exist.
[    62.270] 	Entry deleted from font path.
[    62.270] (WW) The directory "/usr/share/fonts/X11/75dpi/" does not exist.
[    62.270] 	Entry deleted from font path.
[    62.270] (WW) The directory "/usr/share/fonts/X11/100dpi" does not exist.
[    62.270] 	Entry deleted from font path.
[    62.270] (WW) The directory "/usr/share/fonts/X11/75dpi" does not exist.
[    62.270] 	Entry deleted from font path.
[    62.271] (==) FontPath set to:
	/usr/share/fonts/X11/misc,
	/usr/share/fonts/X11/Type1,
	built-ins
[    62.271] (==) ModulePath set to "/usr/lib/xorg/modules"
[    62.271] (II) The server relies on udev to provide the list of input devices.
	If no devices become available, reconfigure udev or disable AutoAddDevices.
[    62.271] (II) Loader magic: 0x55acbe2cd020
[    62.271] (II) Module ABI versions:
[    62.271] 	X.Org ANSI C Emulation: 0.4
[    62.271] 	X.Org Video Driver: 24.1
[    62.271] 	X.Org XInput driver : 24.1
[    62.271] 	X.Org Server Extension : 10.0
[    62.272] (++) using VT number 2

[    62.274] (II) systemd-logind: took control of session /org/freedesktop/login1/session/_32
[    62.275] (II) xfree86: Adding drm device (/dev/dri/card0)
[    62.275] (II) systemd-logind: got fd for /dev/dri/card0 226:0 fd 12 paused 0
[    62.280] (--) PCI:*(0@0:2:0) 15ad:0405:15ad:0405 rev 0, Mem @ 0xe0000000/134217728, 0xf0000000/2097152, I/O @ 0x0000d010/16, BIOS @ 0x????????/131072
[    62.281] (II) LoadModule: "glx"
[    62.288] (II) Loading /usr/lib/xorg/modules/extensions/libglx.so
[    62.291] (II) Module glx: vendor="X.Org Foundation"
[    62.291] 	compiled for 1.20.11, module version = 1.0.0
[    62.291] 	ABI class: X.Org Server Extension, version 10.0
[    62.291] (==) Matched vmware as autoconfigured driver 0
[    62.291] (==) Matched modesetting as autoconfigured driver 1
[    62.291] (==) Matched fbdev as autoconfigured driver 2
[    62.291] (==) Matched vesa as autoconfigured driver 3
[    62.291] (==) Assigned the driver to the xf86ConfigLayout
[    62.291] (II) LoadModule: "vmware"
[    62.291] (II) Loading /usr/lib/xorg/modules/drivers/vmware_drv.so
[    62.526] (II) Module vmware: vendor="X.Org Foundation"
[    62.526] 	compiled for 1.20.8, module version = 13.3.0
[    62.527] 	Module class: X.Org Video Driver
[    62.527] 	ABI class: X.Org Video Driver, version 24.1
[    62.527] (II) LoadModule: "modesetting"
[    62.527] (II) Loading /usr/lib/xorg/modules/drivers/modesetting_drv.so
[    62.531] (II) Module modesetting: vendor="X.Org Foundation"
[    62.531] 	compiled for 1.20.11, module version = 1.20.11
[    62.531] 	Module class: X.Org Video Driver
[    62.531] 	ABI class: X.Org Video Driver, version 24.1
[    62.531] (II) LoadModule: "fbdev"
[    62.531] (II) Loading /usr/lib/xorg/modules/drivers/fbdev_drv.so
[    62.532] (II) Module fbdev: vendor="X.Org Foundation"
[    62.532] 	compiled for 1.20.1, module version = 0.5.0
[    62.532] 	Module class: X.Org Video Driver
[    62.532] 	ABI class: X.Org Video Driver, version 24.0
[    62.532] (II) LoadModule: "vesa"
[    62.533] (II) Loading /usr/lib/xorg/modules/drivers/vesa_drv.so
[    62.533] (II) Module vesa: vendor="X.Org Foundation"
[    62.533] 	compiled for 1.20.4, module version = 2.4.0
[    62.533] 	Module class: X.Org Video Driver
[    62.534] 	ABI class: X.Org Video Driver, version 24.0
[    62.534] (II) vmware: driver for VMware SVGA: vmware0405, vmware0710
[    62.534] (II) modesetting: Driver for Modesetting Kernel Drivers: kms
[    62.534] (II) FBDEV: driver for framebuffer: fbdev
[    62.534] (II) VESA: driver for VESA chipsets: vesa
[    62.534] xf86EnableIOPorts: failed to set IOPL for I/O (Operation not permitted)
[    62.534] (WW) Falling back to old probe method for modesetting
[    62.534] (WW) Falling back to old probe method for fbdev
[    62.534] (II) Loading sub module "fbdevhw"
[    62.534] (II) LoadModule: "fbdevhw"
[    62.534] (II) Loading /usr/lib/xorg/modules/libfbdevhw.so
[    62.536] (II) Module fbdevhw: vendor="X.Org Foundation"
[    62.536] 	compiled for 1.20.11, module version = 0.0.2
[    62.536] 	ABI class: X.Org Video Driver, version 24.1
[    62.536] (EE) open /dev/fb0: Permission denied
[    62.536] (WW) VGA arbiter: cannot open kernel arbiter, no multi-card support
[    62.537] (II) vmware(0): Creating default Display subsection in Screen section
	"Default Screen Section" for depth/fbbpp 24/32
[    62.537] (--) vmware(0): DRM driver version is 2.18.0
[    62.537] (==) vmware(0): Depth 24, (--) framebuffer bpp 32
[    62.537] (==) vmware(0): RGB weight 888
[    62.537] (==) vmware(0): Default visual is TrueColor
[    62.537] (--) vmware(0): Min width 1, Max Width 8192.
[    62.537] (--) vmware(0): Min height 1, Max Height 8192.
[    62.537] (II) vmware(0): Output Virtual1 has no monitor section
[    62.537] (II) vmware(0): Output Virtual2 has no monitor section
[    62.537] (II) vmware(0): Output Virtual3 has no monitor section
[    62.537] (II) vmware(0): Output Virtual4 has no monitor section
[    62.537] (II) vmware(0): Output Virtual5 has no monitor section
[    62.537] (II) vmware(0): Output Virtual6 has no monitor section
[    62.537] (II) vmware(0): Output Virtual7 has no monitor section
[    62.537] (II) vmware(0): Output Virtual8 has no monitor section
[    62.538] (II) vmware(0): Printing probed modes for output Virtual1
[    62.538] (II) vmware(0): Modeline "800x600"x60.0   42.75  800 850 900 950  600 650 700 750 -hsync +vsync (45.0 kHz eP)
[    62.538] (II) vmware(0): Modeline "2560x1600"x60.0  348.50  2560 2752 3032 3504  1600 1603 1609 1658 -hsync +vsync (99.5 kHz e)
[    62.538] (II) vmware(0): Modeline "1920x1440"x60.0  234.00  1920 2048 2256 2600  1440 1441 1444 1500 -hsync +vsync (90.0 kHz e)
[    62.538] (II) vmware(0): Modeline "1856x1392"x60.0  218.25  1856 1952 2176 2528  1392 1393 1396 1439 -hsync +vsync (86.3 kHz e)
[    62.538] (II) vmware(0): Modeline "1792x1344"x60.0  204.75  1792 1920 2120 2448  1344 1345 1348 1394 -hsync +vsync (83.6 kHz e)
[    62.538] (II) vmware(0): Modeline "1920x1200"x59.9  193.25  1920 2056 2256 2592  1200 1203 1209 1245 -hsync +vsync (74.6 kHz e)
[    62.538] (II) vmware(0): Modeline "1600x1200"x60.0  162.00  1600 1664 1856 2160  1200 1201 1204 1250 +hsync +vsync (75.0 kHz e)
[    62.538] (II) vmware(0): Modeline "1680x1050"x60.0  146.25  1680 1784 1960 2240  1050 1053 1059 1089 -hsync +vsync (65.3 kHz e)
[    62.538] (II) vmware(0): Modeline "1400x1050"x60.0  121.75  1400 1488 1632 1864  1050 1053 1057 1089 -hsync +vsync (65.3 kHz e)
[    62.538] (II) vmware(0): Modeline "1280x1024"x60.0  108.00  1280 1328 1440 1688  1024 1025 1028 1066 +hsync +vsync (64.0 kHz e)
[    62.538] (II) vmware(0): Modeline "1440x900"x59.9  106.50  1440 1520 1672 1904  900 903 909 934 -hsync +vsync (55.9 kHz e)
[    62.538] (II) vmware(0): Modeline "1280x960"x60.0  108.00  1280 1376 1488 1800  960 961 964 1000 +hsync +vsync (60.0 kHz e)
[    62.538] (II) vmware(0): Modeline "1360x768"x60.0   85.50  1360 1424 1536 1792  768 771 777 795 +hsync +vsync (47.7 kHz e)
[    62.538] (II) vmware(0): Modeline "1280x800"x59.8   83.50  1280 1352 1480 1680  800 803 809 831 +hsync -vsync (49.7 kHz e)
[    62.538] (II) vmware(0): Modeline "1152x864"x75.0  108.00  1152 1216 1344 1600  864 865 868 900 +hsync +vsync (67.5 kHz e)
[    62.538] (II) vmware(0): Modeline "1280x768"x59.9   79.50  1280 1344 1472 1664  768 771 778 798 -hsync +vsync (47.8 kHz e)
[    62.538] (II) vmware(0): Modeline "1024x768"x60.0   65.00  1024 1048 1184 1344  768 771 777 806 -hsync -vsync (48.4 kHz e)
[    62.538] (II) vmware(0): Modeline "800x600"x60.3   40.00  800 840 968 1056  600 601 605 628 +hsync +vsync (37.9 kHz e)
[    62.538] (II) vmware(0): Modeline "640x480"x59.9   25.18  640 656 752 800  480 489 492 525 -hsync -vsync (31.5 kHz e)
[    62.538] (II) vmware(0): EDID for output Virtual2
[    62.538] (II) vmware(0): EDID for output Virtual3
[    62.539] (II) vmware(0): EDID for output Virtual4
[    62.539] (II) vmware(0): EDID for output Virtual5
[    62.539] (II) vmware(0): EDID for output Virtual6
[    62.539] (II) vmware(0): EDID for output Virtual7
[    62.539] (II) vmware(0): EDID for output Virtual8
[    62.539] (II) vmware(0): Output Virtual1 connected
[    62.539] (II) vmware(0): Output Virtual2 disconnected
[    62.539] (II) vmware(0): Output Virtual3 disconnected
[    62.539] (II) vmware(0): Output Virtual4 disconnected
[    62.539] (II) vmware(0): Output Virtual5 disconnected
[    62.539] (II) vmware(0): Output Virtual6 disconnected
[    62.539] (II) vmware(0): Output Virtual7 disconnected
[    62.539] (II) vmware(0): Output Virtual8 disconnected
[    62.539] (II) vmware(0): Using exact sizes for initial modes
[    62.539] (II) vmware(0): Output Virtual1 using initial mode 800x600 +0+0
[    62.539] (==) vmware(0): DPI set to (96, 96)
[    62.539] (==) vmware(0): Using gamma correction (1.0, 1.0, 1.0)
[    62.539] (II) Loading sub module "fb"
[    62.539] (II) LoadModule: "fb"
[    62.540] (II) Loading /usr/lib/xorg/modules/libfb.so
[    62.542] (II) Module fb: vendor="X.Org Foundation"
[    62.542] 	compiled for 1.20.11, module version = 1.0.0
[    62.542] 	ABI class: X.Org ANSI C Emulation, version 0.4
[    62.542] (II) Loading sub module "dri2"
[    62.542] (II) LoadModule: "dri2"
[    62.542] (II) Module "dri2" already built-in
[    62.542] (II) Loading sub module "dri3"
[    62.542] (II) LoadModule: "dri3"
[    62.542] (II) Module "dri3" already built-in
[    62.542] (II) UnloadModule: "modesetting"
[    62.542] (II) Unloading modesetting
[    62.542] (II) UnloadModule: "fbdev"
[    62.543] (II) Unloading fbdev
[    62.543] (II) UnloadSubModule: "fbdevhw"
[    62.543] (II) Unloading fbdevhw
[    62.543] (II) UnloadModule: "vesa"
[    62.543] (II) Unloading vesa
[    62.545] (II) vmware(0): Initialized VMWARE_CTRL extension version 0.2
[    62.548] (WW) vmware(0): Failed to initialize Gallium3D Xa. No render acceleration available.
[    62.548] (WW) vmware(0): Skipped initialization of direct rendering due to lack of render acceleration.
[    62.548] (--) vmware(0): Render acceleration is disabled.
[    62.548] (==) vmware(0): Rendercheck mode is disabled.
[    62.548] (--) vmware(0): Direct rendering (DRI2 3D) is disabled.
[    62.548] (--) vmware(0): Direct rendering (DRI3 3D) is disabled.
[    62.548] (==) vmware(0): Backing store enabled
[    62.548] (==) vmware(0): Silken mouse enabled
[    62.550] (==) vmware(0): DPMS enabled
[    62.550] (II) vmware(0): No 3D acceleration. Not setting up textured video.
[    62.550] (WW) vmware(0): Disabling Xv because no adaptors could be initialized.
[    62.550] (II) Initializing extension Generic Event Extension
[    62.550] (II) Initializing extension SHAPE
[    62.550] (II) Initializing extension MIT-SHM
[    62.550] (II) Initializing extension XInputExtension
[    62.552] (II) Initializing extension XTEST
[    62.558] (II) Initializing extension BIG-REQUESTS
[    62.558] (II) Initializing extension SYNC
[    62.558] (II) Initializing extension XKEYBOARD
[    62.558] (II) Initializing extension XC-MISC
[    62.558] (II) Initializing extension SECURITY
[    62.559] (II) Initializing extension XFIXES
[    62.559] (II) Initializing extension RENDER
[    62.559] (II) Initializing extension RANDR
[    62.560] (II) Initializing extension COMPOSITE
[    62.560] (II) Initializing extension DAMAGE
[    62.561] (II) Initializing extension MIT-SCREEN-SAVER
[    62.561] (II) Initializing extension DOUBLE-BUFFER
[    62.561] (II) Initializing extension RECORD
[    62.561] (II) Initializing extension DPMS
[    62.562] (II) Initializing extension Present
[    62.562] (II) Initializing extension DRI3
[    62.562] (II) Initializing extension X-Resource
[    62.562] (II) Initializing extension XVideo
[    62.563] (II) Initializing extension XVideo-MotionCompensation
[    62.563] (II) Initializing extension SELinux
[    62.563] (II) SELinux: Disabled on system
[    62.563] (II) Initializing extension GLX
[    62.564] (II) AIGLX: Screen 0 is not DRI2 capable
[    62.574] (II) IGLX: Loaded and initialized swrast
[    62.591] (II) GLX: Initialized DRISWRAST GL provider for screen 0
[    62.591] (II) Initializing extension XFree86-VidModeExtension
[    62.591] (II) Initializing extension XFree86-DGA
[    62.591] (II) Initializing extension XFree86-DRI
[    62.592] (II) Initializing extension DRI2
[    62.598] (II) vmware(0): Setting screen physical size to 211 x 158
[    62.676] (II) config/udev: Adding input device Power Button (/dev/input/event0)
[    62.677] (**) Power Button: Applying InputClass "libinput keyboard catchall"
[    62.677] (II) LoadModule: "libinput"
[    62.677] (II) Loading /usr/lib/xorg/modules/input/libinput_drv.so
[    62.698] (II) Module libinput: vendor="X.Org Foundation"
[    62.699] 	compiled for 1.20.4, module version = 0.29.0
[    62.699] 	Module class: X.Org XInput Driver
[    62.699] 	ABI class: X.Org XInput driver, version 24.1
[    62.699] (II) Using input driver 'libinput' for 'Power Button'
[    62.700] (II) systemd-logind: got fd for /dev/input/event0 13:64 fd 20 paused 0
[    62.700] (**) Power Button: always reports core events
[    62.701] (**) Option "Device" "/dev/input/event0"
[    62.701] (**) Option "_source" "server/udev"
[    62.710] (II) event0  - Power Button: is tagged by udev as: Keyboard
[    62.710] (II) event0  - Power Button: device is a keyboard
[    62.710] (II) event0  - Power Button: device removed
[    62.710] (**) Option "config_info" "udev:/sys/devices/LNXSYSTM:00/LNXPWRBN:00/input/input0/event0"
[    62.711] (II) XINPUT: Adding extended input device "Power Button" (type: KEYBOARD, id 6)
[    62.711] (**) Option "xkb_model" "pc105"
[    62.711] (**) Option "xkb_layout" "us"
[    62.712] (II) event0  - Power Button: is tagged by udev as: Keyboard
[    62.712] (II) event0  - Power Button: device is a keyboard
[    62.722] (II) config/udev: Adding input device Sleep Button (/dev/input/event1)
[    62.722] (**) Sleep Button: Applying InputClass "libinput keyboard catchall"
[    62.722] (II) Using input driver 'libinput' for 'Sleep Button'
[    62.723] (II) systemd-logind: got fd for /dev/input/event1 13:65 fd 23 paused 0
[    62.723] (**) Sleep Button: always reports core events
[    62.723] (**) Option "Device" "/dev/input/event1"
[    62.723] (**) Option "_source" "server/udev"
[    62.727] (II) event1  - Sleep Button: is tagged by udev as: Keyboard
[    62.727] (II) event1  - Sleep Button: device is a keyboard
[    62.727] (II) event1  - Sleep Button: device removed
[    62.727] (**) Option "config_info" "udev:/sys/devices/LNXSYSTM:00/LNXSLPBN:00/input/input1/event1"
[    62.727] (II) XINPUT: Adding extended input device "Sleep Button" (type: KEYBOARD, id 7)
[    62.727] (**) Option "xkb_model" "pc105"
[    62.727] (**) Option "xkb_layout" "us"
[    62.729] (II) event1  - Sleep Button: is tagged by udev as: Keyboard
[    62.729] (II) event1  - Sleep Button: device is a keyboard
[    62.735] (II) config/udev: Adding input device Video Bus (/dev/input/event3)
[    62.736] (**) Video Bus: Applying InputClass "libinput keyboard catchall"
[    62.736] (II) Using input driver 'libinput' for 'Video Bus'
[    62.739] (II) systemd-logind: got fd for /dev/input/event3 13:67 fd 24 paused 0
[    62.740] (**) Video Bus: always reports core events
[    62.740] (**) Option "Device" "/dev/input/event3"
[    62.740] (**) Option "_source" "server/udev"
[    62.741] (II) event3  - Video Bus: is tagged by udev as: Keyboard
[    62.741] (II) event3  - Video Bus: device is a keyboard
[    62.741] (II) event3  - Video Bus: device removed
[    62.741] (**) Option "config_info" "udev:/sys/devices/LNXSYSTM:00/LNXSYBUS:00/PNP0A03:00/LNXVIDEO:00/input/input5/event3"
[    62.741] (II) XINPUT: Adding extended input device "Video Bus" (type: KEYBOARD, id 8)
[    62.741] (**) Option "xkb_model" "pc105"
[    62.741] (**) Option "xkb_layout" "us"
[    62.742] (II) event3  - Video Bus: is tagged by udev as: Keyboard
[    62.742] (II) event3  - Video Bus: device is a keyboard
[    62.745] (II) config/udev: Adding input device VirtualBox mouse integration (/dev/input/event6)
[    62.745] (**) VirtualBox mouse integration: Applying InputClass "libinput pointer catchall"
[    62.745] (II) Using input driver 'libinput' for 'VirtualBox mouse integration'
[    62.746] (II) systemd-logind: got fd for /dev/input/event6 13:70 fd 25 paused 0
[    62.746] (**) VirtualBox mouse integration: always reports core events
[    62.746] (**) Option "Device" "/dev/input/event6"
[    62.746] (**) Option "_source" "server/udev"
[    62.750] (II) event6  - VirtualBox mouse integration: is tagged by udev as: Mouse
[    62.751] (II) event6  - VirtualBox mouse integration: device is a pointer
[    62.751] (II) event6  - VirtualBox mouse integration: device removed
[    62.751] (**) Option "config_info" "udev:/sys/devices/pci0000:00/0000:00:04.0/input/input7/event6"
[    62.751] (II) XINPUT: Adding extended input device "VirtualBox mouse integration" (type: MOUSE, id 9)
[    62.752] (**) Option "AccelerationScheme" "none"
[    62.753] (**) VirtualBox mouse integration: (accel) selected scheme none/0
[    62.753] (**) VirtualBox mouse integration: (accel) acceleration factor: 2.000
[    62.753] (**) VirtualBox mouse integration: (accel) acceleration threshold: 4
[    62.755] (II) event6  - VirtualBox mouse integration: is tagged by udev as: Mouse
[    62.756] (II) event6  - VirtualBox mouse integration: device is a pointer
[    62.757] (II) config/udev: Adding input device VirtualBox mouse integration (/dev/input/js1)
[    62.761] (II) No input driver specified, ignoring this device.
[    62.761] (II) This device may have been added with another device file.
[    62.762] (II) config/udev: Adding input device VirtualBox mouse integration (/dev/input/mouse2)
[    62.762] (II) No input driver specified, ignoring this device.
[    62.762] (II) This device may have been added with another device file.
[    62.763] (II) config/udev: Adding input device VirtualBox USB Tablet (/dev/input/event5)
[    62.763] (**) VirtualBox USB Tablet: Applying InputClass "libinput pointer catchall"
[    62.763] (II) Using input driver 'libinput' for 'VirtualBox USB Tablet'
[    62.821] (II) systemd-logind: got fd for /dev/input/event5 13:69 fd 26 paused 0
[    62.821] (**) VirtualBox USB Tablet: always reports core events
[    62.821] (**) Option "Device" "/dev/input/event5"
[    62.821] (**) Option "_source" "server/udev"
[    62.822] (II) event5  - VirtualBox USB Tablet: is tagged by udev as: Mouse
[    62.823] (II) event5  - VirtualBox USB Tablet: device is a pointer
[    62.823] (II) event5  - VirtualBox USB Tablet: device removed
[    62.823] (**) Option "config_info" "udev:/sys/devices/pci0000:00/0000:00:06.0/usb1/1-1/1-1:1.0/0003:80EE:0021.0001/input/input6/event5"
[    62.823] (II) XINPUT: Adding extended input device "VirtualBox USB Tablet" (type: MOUSE, id 10)
[    62.823] (**) Option "AccelerationScheme" "none"
[    62.823] (**) VirtualBox USB Tablet: (accel) selected scheme none/0
[    62.823] (**) VirtualBox USB Tablet: (accel) acceleration factor: 2.000
[    62.823] (**) VirtualBox USB Tablet: (accel) acceleration threshold: 4
[    62.834] (II) event5  - VirtualBox USB Tablet: is tagged by udev as: Mouse
[    62.835] (II) event5  - VirtualBox USB Tablet: device is a pointer
[    62.836] (II) config/udev: Adding input device VirtualBox USB Tablet (/dev/input/js0)
[    62.837] (II) No input driver specified, ignoring this device.
[    62.837] (II) This device may have been added with another device file.
[    62.841] (II) config/udev: Adding input device VirtualBox USB Tablet (/dev/input/mouse1)
[    62.841] (II) No input driver specified, ignoring this device.
[    62.841] (II) This device may have been added with another device file.
[    62.846] (II) config/udev: Adding input device AT Translated Set 2 keyboard (/dev/input/event2)
[    62.846] (**) AT Translated Set 2 keyboard: Applying InputClass "libinput keyboard catchall"
[    62.846] (II) Using input driver 'libinput' for 'AT Translated Set 2 keyboard'
[    62.847] (II) systemd-logind: got fd for /dev/input/event2 13:66 fd 27 paused 0
[    62.848] (**) AT Translated Set 2 keyboard: always reports core events
[    62.848] (**) Option "Device" "/dev/input/event2"
[    62.848] (**) Option "_source" "server/udev"
[    62.849] (II) event2  - AT Translated Set 2 keyboard: is tagged by udev as: Keyboard
[    62.849] (II) event2  - AT Translated Set 2 keyboard: device is a keyboard
[    62.850] (II) event2  - AT Translated Set 2 keyboard: device removed
[    62.850] (**) Option "config_info" "udev:/sys/devices/platform/i8042/serio0/input/input2/event2"
[    62.850] (II) XINPUT: Adding extended input device "AT Translated Set 2 keyboard" (type: KEYBOARD, id 11)
[    62.850] (**) Option "xkb_model" "pc105"
[    62.850] (**) Option "xkb_layout" "us"
[    62.860] (II) event2  - AT Translated Set 2 keyboard: is tagged by udev as: Keyboard
[    62.861] (II) event2  - AT Translated Set 2 keyboard: device is a keyboard
[    62.862] (II) config/udev: Adding input device ImExPS/2 Generic Explorer Mouse (/dev/input/event4)
[    62.862] (**) ImExPS/2 Generic Explorer Mouse: Applying InputClass "libinput pointer catchall"
[    62.862] (II) Using input driver 'libinput' for 'ImExPS/2 Generic Explorer Mouse'
[    62.863] (II) systemd-logind: got fd for /dev/input/event4 13:68 fd 28 paused 0
[    62.863] (**) ImExPS/2 Generic Explorer Mouse: always reports core events
[    62.863] (**) Option "Device" "/dev/input/event4"
[    62.864] (**) Option "_source" "server/udev"
[    62.865] (II) event4  - ImExPS/2 Generic Explorer Mouse: is tagged by udev as: Mouse
[    62.865] (II) event4  - ImExPS/2 Generic Explorer Mouse: device is a pointer
[    62.867] (II) event4  - ImExPS/2 Generic Explorer Mouse: device removed
[    62.867] (**) Option "config_info" "udev:/sys/devices/platform/i8042/serio1/input/input4/event4"
[    62.867] (II) XINPUT: Adding extended input device "ImExPS/2 Generic Explorer Mouse" (type: MOUSE, id 12)
[    62.869] (**) Option "AccelerationScheme" "none"
[    62.869] (**) ImExPS/2 Generic Explorer Mouse: (accel) selected scheme none/0
[    62.869] (**) ImExPS/2 Generic Explorer Mouse: (accel) acceleration factor: 2.000
[    62.869] (**) ImExPS/2 Generic Explorer Mouse: (accel) acceleration threshold: 4
[    62.873] (II) event4  - ImExPS/2 Generic Explorer Mouse: is tagged by udev as: Mouse
[    62.873] (II) event4  - ImExPS/2 Generic Explorer Mouse: device is a pointer
[    62.877] (II) config/udev: Adding input device ImExPS/2 Generic Explorer Mouse (/dev/input/mouse0)
[    62.877] (II) No input driver specified, ignoring this device.
[    62.877] (II) This device may have been added with another device file.
[  5684.767] (II) event4  - ImExPS/2 Generic Explorer Mouse: Enabling spurious button debouncing, see https://wayland.freedesktop.org/libinput/doc/1.15.5/button-debouncing.html for details
